0 info it worked if it ends with ok
1 verbose cli [ 'node', '/usr/local/bin/npm', 'version', 'major' ]
2 info using npm@2.2.0
3 info using node@v0.10.31
4 verbose node symlink /usr/local/bin/node
5 info git [ 'status', '--porcelain' ]
6 verbose stack Error: Git working directory not clean.
6 verbose stack M package.json
6 verbose stack     at /usr/local/lib/node_modules/npm/lib/version.js:138:37
6 verbose stack     at ChildProcess.exithandler (child_process.js:646:7)
6 verbose stack     at ChildProcess.emit (events.js:98:17)
6 verbose stack     at maybeClose (child_process.js:756:16)
6 verbose stack     at Socket.<anonymous> (child_process.js:969:11)
6 verbose stack     at Socket.emit (events.js:95:17)
6 verbose stack     at Pipe.close (net.js:465:12)
7 verbose cwd /Users/chiper/ChiperSoft/jquery-custom
8 error Darwin 13.4.0
9 error argv "node" "/usr/local/bin/npm" "version" "major"
10 error node v0.10.31
11 error npm  v2.2.0
12 error Git working directory not clean.
12 error M package.json
13 error If you need help, you may report this error at:
13 error     <http://github.com/npm/npm/issues>
14 verbose exit [ 1, true ]
